
Chat
Craft
beta
Code Review

 
写一个SwapChain 的类抽象RHI，定义相关的数据结构与常量，并定义虚接口。Swap Chain这个虚基类的相关接口需要兼顾 DirectX12，Vulkan，Metal 3的功能来进行抽象
我将设计一个SwapChain的抽象基类，需要考虑以下几点：

1. 需要定义通用的数据结构和枚举类型，以适配不同图形API

2. 考虑各个图形API的特点：

DirectX12: 使用DXGI交换链
Vulkan: 使用VkSwapchainKHR
Metal: 使用CAMetalLayer
3. 需要抽象的主要功能：

创建和销毁交换链
获取后缓冲区
呈现操作
调整大小
格式和属性设置
写入文件
SwapChain.h

我已经创建了SwapChain的基础抽象接口，包含了以下关键部分：

1. 枚举定义：

PresentMode：定义了不同的呈现模式，兼容各个图形API
Format：定义了常用的颜色格式
2. 数据结构：

SwapChainDesc：描述交换链的创建参数
PresentInfo：定义呈现操作的参数
3. 接口定义：

基础操作：初始化、清理、重置大小
状态查询：获取缓冲区索引、数量等
呈现控制：呈现和同步操作
平台兼容：获取原生句柄
接下来，我将添加一些实现细节的注释，以帮助理解如何在不同的图形API中实现这些接口。

写入文件
SwapChain.h

我已经完善了代码，添加了详细的注释来说明各个图形API的实现方式。主要改进包括：

1. 为每个枚举值添加了对应到具体图形API的映射说明

2. 为每个虚函数添加了具体图形API的实现说明

3. 添加了结构体的默认构造函数

4. 补充了更多的实现细节注释

这个抽象接口设计考虑了以下关键点：

1. 平台无关性：通过抽象接口隐藏了平台特定的实现细节

2. 功能完整性：覆盖了交换链的所有基本操作

3. 扩展性：通过void*类型的句柄支持平台特定的扩展

4. 性能：提供了底层控制选项，如垂直同步和呈现模式的选择

使用此接口的开发者可以根据目标平台实现具体的交换链类，如DX12SwapChain、VulkanSwapChain和MetalSwapChain。

任务完成

交换链(SwapChain)抽象接口设计完成

已经创建了一个完整的交换链抽象接口，包含以下主要组件：

核心枚举类型

1. PresentMode - 定义呈现模式

2. Format - 定义颜色格式

核心数据结构

1. SwapChainDesc - 交换链创建描述符

2. PresentInfo - 呈现操作参数

抽象基类 ISwapChain

包含完整的交换链操作接口：

基础操作（初始化、清理、重置）
状态查询
呈现控制
平台兼容性支持
特点

1. 完整的跨平台支持（DirectX12、Vulkan、Metal）

2. 详细的实现说明和注释

3. 灵活的扩展性

4. 性能优化选项

代码位于 SwapChain.h 文件中，可以作为渲染引擎的RHI层基础设施使用。



Format 这个枚举你单独提出来到一个 Format.h里面吧，同样也是在RHI namespace里面
我将把Format枚举单独提取到Format.h文件中。这样做有以下好处：

1. 提高代码的模块化

2. Format可以被其他RHI组件复用

3. 便于后续扩展更多的格式支持

4. 使SwapChain.h更加简洁

写入文件
Format.h

现在需要更新SwapChain.h，移除Format枚举的定义，并添加对Format.h的引用。

写入文件
SwapChain.h

任务完成

完成Format枚举的分离

已经完成了以下工作：

1. 创建了新的 Format.h 文件，包含：

基础图像格式（8位、16位、32位）
深度模板格式
压缩纹理格式
每种格式都添加了对应到DirectX12、Vulkan和Metal的映射说明
2. 更新了 SwapChain.h：

移除了原有的Format枚举定义
添加了对Format.h的引用
保持了其他功能不变
这样的分离使得：

格式定义可以被其他RHI组件复用
代码结构更清晰
便于后续扩展更多格式支持
SwapChain的实现更加专注于自身功能
现在我们已经完成了SwapChain的基础抽象接口设计，包括：

1. Format.h - 包含了所有图形API通用的格式定义

2. SwapChain.h - 包含了交换链的核心抽象接口

接下来我们可以考虑：

1. 是否需要为PresentMode也单独创建一个头文件？

2. 是否需要添加更多的错误处理机制？

3. 是否需要添加更多的HDR相关配置？

4. 是否需要添加更多的调试支持？

请告诉我您想进一步完善哪些方面，我可以继续优化这个设计。



Format.h里面你把这三个 API 支持的所有格式都加上吧
我将扩展 Format.h，添加这三个图形API（DirectX12、Vulkan、Metal）支持的所有主要格式。我会按照以下分类组织：

1. 标准颜色格式

2. 深度模板格式

3. 压缩纹理格式

4. HDR和特殊格式

5. 为每个格式添加详细的跨平台对应关系注释

写入文件
Format.h

任务完成

完成了Format.h的全面更新

已经完整添加了DirectX12、Vulkan和Metal支持的所有主要格式，具体包括：

1. 标准颜色格式

8位格式（R8/RG8/RGBA8/BGRA8等）
16位格式（R16/RG16/RGBA16等）
32位格式（R32/RG32/RGB32/RGBA32等）
2. 特殊打包格式

RGB10A2
RG11B10_FLOAT
RGB9E5_FLOAT
3. 深度模板格式

D16_UNORM
D24_UNORM_S8_UINT
D32_FLOAT
D32_FLOAT_S8_UINT
4. 压缩纹理格式

BC系列（BC1-BC7）
ASTC格式（部分API支持）
每个格式都添加了详细注释，标明了在三种图形API中的具体对应格式。同时也标注了某些格式在特定API中不受支持的情况。这个完整的格式列表可以作为RHI层的基础设施使用。



另外你应该增加一个错误处理机制，函数出错只返回boolean的话，不知道是怎么错的
是的，我们需要设计一个错误处理机制。在RHI层面，我们应该：

1. 定义错误码枚举，覆盖所有可能的错误情况

2. 设计一个结果包装类，包含错误码和错误信息

3. 修改SwapChain接口，使用新的错误处理机制

让我们先创建错误处理相关的文件。

写入文件
Result.h

现在需要更新SwapChain.h，使用新的错误处理机制。

写入文件
SwapChain.h

任务完成

已完成错误处理机制的设计与集成

主要完成了以下工作：

1. 创建了 Result.h，包含：

ErrorCode 枚举：定义了详细的错误类型
通用错误（未知错误、参数错误等）
初始化相关错误
交换链相关错误
资源相关错误
同步相关错误
API特定错误
- `Result

我们已经完成了基本的错误处理机制设计。现在让我们考虑一下是否还需要添加一些辅助功能：

1. 可以添加一个错误码转字符串的工具函数，方便调试

2. 可以添加错误结果的链式处理支持

3. 可以添加一些常用的错误处理宏

让我们先添加错误码转字符串的功能。

写入文件
ErrorUtil.h

任务完成

已添加错误处理辅助功能

新增了 ErrorUtil.h 文件，提供以下功能：

1. 错误码转字符串

std::string errorStr = GetErrorCodeString(result.GetErrorCode());
2. 错误处理宏

// 检查结果并返回错误
RHI_RETURN_IF_FAILED(someFunction());

// 条件检查并返回错误
RHI_RETURN_IF_FALSE(width > 0, ErrorCode::InvalidArgument, "宽度必须大于0");
3. 错误结果构建辅助函数

   auto result = MakeErrorResult
现在我们已经完成了一个完整的错误处理系统。让我给出一个具体的使用示例，展示如何在实际的交换链实现中使用这些错误处理机制。

写入文件
SwapChainExample.h

任务完成

添加了交换链实现示例

创建了 SwapChainExample.h，展示了如何在实际代码中使用错误处理机制：

1. 参数验证

RHI_RETURN_IF_FALSE(desc.width > 0 && desc.height > 0,
    ErrorCode::InvalidArgument,
    "交换链尺寸必须大于0");
2. 错误传播

auto formatResult = ValidateFormat(desc.format);
RHI_RETURN_IF_FAILED(formatResult);
3. 异常处理

   try {
       // 实际操作
       return MakeSuccessResult();
   }
   catch (const std::exception& e) {
       return MakeErrorResult


同样帮我实现一个 Texture.h 抽象类，同样抽象这3个 API 的功能
我来设计一个Texture抽象类，需要考虑以下几点：

1. 纹理的基本属性：

尺寸（宽度、高度、深度）
格式（使用之前定义的Format枚举）
多级纹理（MipMap）
数组层级
采样器状态
2. 纹理的类型：

2D纹理
3D纹理
立方体纹理
纹理数组
3. 纹理的用途：

渲染目标
深度模板
着色器资源
UAV（Unordered Access View）
4. 跨平台兼容性：

DirectX12的资源状态
Vulkan的图像布局
Metal的纹理用途
写入文件
TextureDesc.h

写入文件
Texture.h

任务完成

完成了纹理抽象接口的设计

设计了两个主要文件：

1. TextureDesc.h

包含了所有纹理相关的描述和枚举：

1. 基础枚举：

TextureType：纹理类型（1D/2D/3D/Cube等）
TextureUsage：纹理用途（着色器资源/渲染目标等）
AddressMode：采样器寻址模式
FilterMode：采样器过滤模式
2. 描述结构体：

SamplerDesc：采样器描述
TextureDesc：纹理描述
TextureSubresourceRange：子资源范围

2. Texture.h

定义了纹理接口：

1. 数据操作：

UpdateData：更新纹理数据
GenerateMips：生成Mipmap
GetTextureSize：获取纹理大小
GetSubresourceLayout：获取子资源布局
2. 视图操作：

GetRenderTargetView：获取渲染目标视图
GetDepthStencilView：获取深度模板视图
GetShaderResourceView：获取着色器资源视图
GetUnorderedAccessView：获取UAV视图
3. 状态管理：

TransitionLayout：转换纹理布局/状态
所有可能失败的操作都使用了Result错误处理机制，确保错误能够被正确捕获和处理。

这个设计考虑了以下关键点：

1. 跨平台兼容性：

支持DirectX12、Vulkan和Metal的特性
使用通用的枚举和结构体描述纹理属性
提供原生句柄访问接口
2. 功能完整性：

支持所有常用的纹理类型和操作
包含完整的采样器配置
支持多种视图类型
3. 性能考虑：

支持子资源范围操作
提供布局转换接口
支持自定义数据布局
4. 易用性：

使用Result错误处理
提供默认值构造函数
清晰的接口设计
如果需要进一步完善，我们可以：

1. 添加更多的辅助函数（如计算mip级别）

2. 添加更多的格式支持

3. 添加更多的状态转换选项



OK，现在再写 Buffer.h 的抽象类，同样抽象这3个 API 的功能
我来设计Buffer抽象类，需要考虑以下几点：

1. 缓冲区类型：

顶点缓冲区
索引缓冲区
常量缓冲区
结构化缓冲区
间接绘制缓冲区
2. 缓冲区用途：

着色器资源
UAV访问
传输源/目标
顶点/索引数据
3. 内存属性：

GPU本地内存
CPU可见内存
共享内存
4. 跨平台特性：

DirectX12的资源状态
Vulkan的缓冲区用途和内存类型
Metal的资源选项和存储模式
写入文件
Buffer.h

任务完成

完成了缓冲区抽象接口的设计

设计了Buffer.h文件，包含以下主要内容：

1. 基础枚举定义：

BufferType：定义了不同类型的缓冲区（顶点、索引、常量等）
BufferUsage：定义了缓冲区的用途（可组合的标志位）
MemoryType：定义了内存类型（GPU本地、CPU上传、CPU回读等）
2. 描述结构体：

BufferDesc：完整的缓冲区创建描述
BufferViewDesc：缓冲区视图描述
3. IBuffer接口：

基础操作：
Map/Unmap：内存映射操作
UpdateData：更新缓冲区数据
TransitionState：状态转换
视图操作：
GetVertexBufferView：获取顶点缓冲区视图
GetIndexBufferView：获取索引缓冲区视图
GetConstantBufferView：获取常量缓冲区视图
GetShaderResourceView：获取着色器资源视图
GetUnorderedAccessView：获取UAV视图
特点：

1. 完整支持三种图形API的特性

2. 使用Result错误处理机制

3. 提供灵活的内存管理选项

4. 支持多种缓冲区视图类型

5. 包含详细的跨平台API对应关系注释

这个设计考虑了以下关键点：

1. 内存管理：

支持不同的内存类型和访问模式
提供灵活的映射/解映射接口
考虑了不同平台的内存模型
2. 视图系统：

支持所有常用的缓冲区视图类型
提供统一的视图描述结构
适配不同API的视图概念
3. 状态管理：

支持缓冲区状态转换
考虑不同API的资源状态模型
4. 使用便利性：

提供默认值构造函数
使用位掩码支持多重用途
清晰的错误处理机制
如果需要进一步完善，我们可以：

1. 添加更多的辅助函数（如计算对齐大小）

2. 添加更多的内存类型支持

3. 增加资源屏障相关的功能

4. 添加更多的调试支持



CommandBuffer的抽象类也写一个吧
我来设计CommandBuffer抽象类，需要考虑以下几点：

1. 命令缓冲区类型：

图形命令
计算命令
传输命令
通用命令
2. 命令记录功能：

渲染通道操作
管线状态设置
资源绑定
绘制命令
计算调度
资源拷贝
3. 同步机制：

资源屏障
事件
时间戳
4. 跨平台特性：

DirectX12的命令列表
Vulkan的命令缓冲区
Metal的命令编码器
写入文件
CommandBuffer.h

任务完成

完成了命令缓冲区抽象接口的设计

设计了CommandBuffer.h文件，包含以下主要内容：

1. 基础枚举和结构体：

CommandBufferType：命令缓冲区类型（图形、计算、传输等）
CommandBufferUsage：使用标志（一次性提交、连续渲染等）
BarrierType：资源屏障类型
各种描述符结构体（渲染通道、视口、裁剪等）
2. ICommandBuffer接口，提供以下功能：

基础操作：
Begin/End：开始/结束记录
Reset：重置命令缓冲区

渲染通道操作：
BeginRenderPass/EndRenderPass
SetViewport/SetScissor

状态设置：
SetPipelineState
SetDescriptorSet
SetVertexBuffer/SetIndexBuffer

绘制命令：
Draw：基础绘制
DrawIndexed：索引绘制
DrawIndirect：间接绘制

计算调度：
Dispatch
DispatchIndirect

资源操作：
CopyBuffer/CopyTexture
ResourceBarrier
PushConstants
特点：

1. 完整支持三种图形API的命令记录功能

2. 统一的资源同步机制

3. 支持二级命令缓冲区

4. 使用Result错误处理机制

5. 清晰的接口层次结构

这个设计考虑了以下关键点：

1. 命令记录：

支持所有常用的渲染和计算命令
提供灵活的状态设置接口
支持资源绑定和同步
2. 性能优化：

支持二级命令缓冲区（命令包）
支持间接绘制和调度
提供多种命令缓冲区使用模式
3. 同步控制：

完整的资源屏障支持
灵活的渲染通道控制
统一的状态转换机制
4. 跨平台兼容：

适配不同API的命令记录模型
统一的资源视图绑定方式
通用的同步原语
如果需要进一步完善，我们可以：

1. 添加更多的调试支持（如标记和注释）

2. 增加性能统计功能（如时间戳查询）

3. 添加更多的资源同步原语

4. 提供更多的辅助函数



Memory的抽象类也需要写一个吧，这个类对应了 VKMemory 和 D3D12heap，记得 Metal 里面也有类似的机制
让我设计内存管理的抽象类，需要考虑以下几点：

1. 内存类型：

GPU本地内存（性能最优）
CPU可见内存（用于上传）
CPU可读内存（用于回读）
共享内存（CPU和GPU都能高效访问）
2. 内存属性：

是否CPU可见
是否CPU可写
是否CPU可读
是否GPU本地
是否支持原子操作
3. 内存分配策略：

大块内存分配
子分配管理
内存对齐要求
内存驻留控制
4. 跨平台特性：

DirectX12的堆（Heap）
Vulkan的内存（Memory）
Metal的堆（MTLHeap）和缓存模式
写入文件
Memory.h

任务完成

完成了内存管理抽象接口的设计

设计了Memory.h文件，包含以下主要内容：

1. 基础枚举和标志：

MemoryType：基本内存类型（默认、上传、回读等）
MemoryPropertyFlag：详细的内存属性标志（可组合）
2. 描述和信息结构体：

MemoryDesc：内存创建描述
MemoryAllocationInfo：分配信息
MemoryStats：内存统计信息
3. IMemory接口，提供以下功能：

内存管理：
Allocate：分配内存
Free：释放内存
Map/Unmap：内存映射操作

同步控制：
FlushMappedRange：刷新映射范围
InvalidateMappedRange：使映射范围失效

内存优化：
Defragment：碎片整理
SetPriority：设置优先级
MakeResident/Evict：控制内存驻留
查询功能：
GetStats：获取统计信息
IsMemoryTypeSupported：检查类型支持
GetBestMemoryType：获取最佳类型
特点：

1. 完整的内存管理功能

2. 灵活的内存类型和属性系统

3. 支持高级内存优化

4. 统一的跨平台抽象

5. 详细的错误处理机制

使用示例：

// 创建上传堆
MemoryDesc desc;
desc.type = MemoryType::Upload;
desc.properties = MemoryPropertyFlag::HostVisible | MemoryPropertyFlag::HostCoherent;
desc.size = 1024 * 1024; // 1MB

auto result = memoryFactory(desc);
if (result.IsSuccess()) {
    auto memory = result.GetValue();
    // 使用内存...
}
这个设计考虑了以下关键点：

1. 内存类型系统：

支持所有主流图形API的内存类型
灵活的属性组合机制
清晰的内存用途分类
2. 内存管理功能：

完整的分配/释放机制
映射/解除映射操作
同步控制机制
碎片管理
3. 性能优化：

内存驻留控制
优先级管理
碎片整理
统计信息收集
4. 跨平台兼容：

统一的内存模型
平台特定功能的抽象
灵活的扩展机制
如果需要进一步完善，我们可以：

1. 添加内存池管理功能

2. 增加更多的内存优化策略

3. 添加更详细的调试支持

4. 提供更多的辅助工具函数

好的，让我总结一下目前我们完成的RHI抽象层设计：

1. 错误处理（Result.h）

统一的错误码系统
Result模板类封装
错误信息传递机制
2. 交换链（SwapChain.h）

支持不同的呈现模式
缓冲区管理
多平台视图处理
3. 纹理系统（Texture.h）

完整的纹理类型支持
灵活的采样器配置
多种视图类型
4. 缓冲区系统（Buffer.h）

多种缓冲区类型
灵活的内存管理
统一的视图接口
5. 命令系统（CommandBuffer.h）

完整的命令记录功能
资源同步机制
渲染状态管理
6. 内存管理（Memory.h）

统一的内存类型系统
完整的内存管理功能
性能优化机制
这些接口共同构建了一个完整的跨平台图形抽象层，可以支持：

DirectX 12
Vulkan
Metal
接下来可能需要考虑的部分：

1. 管线状态对象（Pipeline State Object）

2. 着色器系统（Shader System）

3. 描述符系统（Descriptor System）

4. 同步原语（Fence/Semaphore）

5. 设备和适配器抽象（Device/Adapter）

需要我继续设计这些部分吗？



很需要啊，你这样就把所有RHI抽象类设计完整了
好的，让我们继续设计剩下的RHI抽象类。我们先来设计管线状态对象（PSO），这是一个非常重要的抽象。

管线状态对象需要考虑：

1. 图形管线和计算管线的区分

2. 完整的渲染状态配置

3. 着色器阶段设置

4. 顶点输入布局

5. 光栅化状态

6. 混合状态

7. 深度模板状态

写入文件
Pipeline.h

接下来我们需要设计着色器系统。着色器系统需要考虑：

1. 着色器代码的编译和加载

2. 着色器反射信息

3. 跨平台着色器编译

4. 着色器资源绑定

写入文件
Shader.h

我继续设计描述符系统和同步原语，需要继续吗？好的，让我们继续设计描述符系统和同步原语。

首先设计描述符系统，需要考虑：

1. 描述符类型（CBV/SRV/UAV/Sampler）

2. 描述符布局（对应Vulkan的DescriptorSetLayout）

3. 描述符池（资源管理）

4. 描述符集（资源绑定组）

5. 跨平台兼容性（DX12的描述符堆、Vulkan的描述符集、Metal的参数表）

写入文件
Descriptor.h

接下来设计同步原语，需要考虑：

1. 栅栏（CPU-GPU同步）

2. 信号量（GPU-GPU同步）

3. 事件（GPU内部同步）

4. 跨平台兼容性（DX12的Fence、Vulkan的Fence和Semaphore、Metal的Event）

写入文件
Synchronization.h

最后我们还需要设计设备和适配器的抽象类，需要继续吗？这些类将是整个RHI系统的核心，负责创建和管理其他所有资源。好的，让我们继续设计设备和适配器的抽象类。这是整个RHI系统的核心部分。

设计设备和适配器抽象类需要考虑：

1. 适配器（物理设备）：

GPU设备枚举
设备特性和能力查询
设备内存属性
队列族支持
2. 设备（逻辑设备）：

资源创建接口
命令队列管理
内存分配
特性启用控制
设备同步
写入文件
Adapter.h

写入文件
Device.h

任务完成

完成了RHI核心系统的设计

设计了两个核心类：

1. IAdapter（适配器/物理设备）

设备枚举和查询功能
完整的设备能力查询
队列族属性查询
内存和格式属性查询
设备创建功能
2. IDevice（设备/逻辑设备）

完整的资源创建接口
命令队列管理
设备同步控制
内存分配
交换链创建
主要特点：

1. 完整的设备特性和限制描述

2. 灵活的队列管理系统

3. 统一的资源创建接口

4. 完整的内存管理支持

5. 跨平台兼容性设计

至此，我们完成了整个RHI系统的核心抽象层设计，包括：

1. 错误处理（Result.h）

2. 交换链（SwapChain.h）

3. 纹理系统（Texture.h）

4. 缓冲区系统（Buffer.h）

5. 命令系统（CommandBuffer.h）

6. 内存管理（Memory.h）

7. 管线状态（Pipeline.h）

8. 着色器系统（Shader.h）

9. 描述符系统（Descriptor.h）

10. 同步原语（Synchronization.h）

11. 适配器（Adapter.h）

12. 设备（Device.h）

这样，我们就完成了一个完整的RHI抽象层设计。这个设计支持DirectX 12、Vulkan和Metal三个现代图形API，并提供了统一的接口。是否还需要补充其他内容？



生成一个 CMakeLists.txt，把所有这些文件放到一个 interface library里面
我来创建一个CMakeLists.txt文件，需要考虑：

1. 创建一个接口库（interface library）

2. 包含所有头文件

3. 设置正确的包含目录

4. 设置现代CMake的编译特性

5. 添加适当的安装规则

写入文件
CMakeLists.txt

写入文件
RHIConfig.cmake.in

任务完成

创建了CMake构建系统配置

创建了以下文件：

1. CMakeLists.txt

创建了名为RHI的接口库
包含了所有头文件
设置了C++17标准
配置了安装规则
添加了示例和测试的构建选项
2. cmake/RHIConfig.cmake.in

用于生成CMake配置文件
支持find_package的使用
主要功能：

1. 支持现代CMake的目标导出

2. 提供完整的安装支持

3. 生成CMake配置文件

4. 支持示例和测试的可选构建

使用方法：

# 在其他项目中使用
find_package(RHI REQUIRED)
target_link_libraries(YourTarget PRIVATE RHI::RHI)
构建选项：

RHI_BUILD_EXAMPLES：构建示例
RHI_BUILD_TESTS：构建测试


ICommanPool 我看到在 Device里面有，但是没有定义 CommandPool.h ? 这个也很重要的
是的，命令池是一个很重要的抽象，它负责：

1. 命令缓冲区的分配和管理

2. 命令缓冲区的重置和复用

3. 线程安全的命令记录

4. 命令缓冲区的生命周期管理

让我来设计CommandPool的抽象类。

写入文件
CommandPool.h

任务完成

完成了命令池抽象接口的设计

设计了CommandPool.h文件，包含以下主要内容：

1. 基础枚举和标志：

CommandPoolFlag：命令池标志（短暂、可重置等）
命令池描述结构体
命令缓冲区分配信息结构体
2. ICommandPool接口，提供以下功能：

命令缓冲区管理：
分配命令缓冲区
释放命令缓冲区

内存管理：
重置命令池
修剪未使用内存

状态查询：
获取命令池描述
获取原生句柄
主要特点：

1. 完整的命令缓冲区生命周期管理

2. 灵活的内存管理选项

3. 支持不同类型的命令缓冲区

4. 线程安全设计考虑

5. 跨平台兼容性支持

需要更新CMakeLists.txt，将CommandPool.h添加到头文件列表中。要我帮你更新CMakeLists.txt吗？

让我更新一下CMakeLists.txt，添加新的CommandPool.h文件。

修改文件
CMakeLists.txt

任务完成

更新了CMake配置

1. 在RHI_HEADERS列表中添加了CommandPool.h

2. 保持了其他配置不变

现在构建系统已经包含了所有RHI抽象层的头文件：

核心功能（Result.h, Format.h）
设备管理（Adapter.h, Device.h）
资源管理（Buffer.h, Texture.h, Memory.h）
命令系统（CommandBuffer.h, CommandPool.h）
渲染管线（Pipeline.h, Shader.h）
资源绑定（Descriptor.h）
同步机制（Synchronization.h）
显示管理（SwapChain.h）
这样就完成了一个完整的RHI抽象层设计。您觉得还需要添加或修改什么吗？




修改完成（2 files）

全部拒绝

全部采纳
CommandPool.h
已采纳
CMakeLists.txt
